2024-11-06 17:40:38.579 [info] Extension host with pid 73010 started
2024-11-06 17:40:38.614 [info] Lock '/home/waq/.vscode-server/data/User/workspaceStorage/f2c5e88cc6ff560520be7d8442405061/vscode.lock': Lock acquired.
2024-11-06 17:40:39.482 [info] ExtensionService#_doActivateExtension vscode.tunnel-forwarding, startup: false, activationEvent: 'onTunnel'
2024-11-06 17:40:39.482 [info] ExtensionService#_doActivateExtension vscode.emmet, startup: false, activationEvent: 'onLanguage'
2024-11-06 17:40:39.483 [info] ExtensionService#_doActivateExtension octref.vetur, startup: false, activationEvent: 'onLanguage:vue'
2024-11-06 17:40:39.483 [info] ExtensionService#_doActivateExtension vscode.git-base, startup: false, activationEvent: '*', root cause: vscode.git
2024-11-06 17:40:44.375 [info] ExtensionService#_doActivateExtension vscode.git, startup: false, activationEvent: '*'
2024-11-06 17:40:44.375 [info] ExtensionService#_doActivateExtension vscode.github, startup: false, activationEvent: '*'
2024-11-06 17:40:44.848 [error] [octref.vetur] provider FAILED
2024-11-06 17:40:44.849 [error] Error: Request textDocument/semanticTokens/full failed with message: Cannot read properties of undefined (reading 'flags')
	at /home/waq/.vscode-server/extensions/octref.vetur-0.37.3/dist/vueMain.js:1:62416
	at /home/waq/.vscode-server/extensions/octref.vetur-0.37.3/dist/vueMain.js:1:62710
	at Immediate.<anonymous> (/home/waq/.vscode-server/extensions/octref.vetur-0.37.3/dist/vueMain.js:1:63075)
	at process.processImmediate (node:internal/timers:483:21)
2024-11-06 17:40:44.862 [error] [octref.vetur] provider FAILED
2024-11-06 17:40:44.862 [error] Error: Request textDocument/semanticTokens/range failed with message: Cannot read properties of undefined (reading 'flags')
	at /home/waq/.vscode-server/extensions/octref.vetur-0.37.3/dist/vueMain.js:1:62416
	at /home/waq/.vscode-server/extensions/octref.vetur-0.37.3/dist/vueMain.js:1:62710
	at Immediate.<anonymous> (/home/waq/.vscode-server/extensions/octref.vetur-0.37.3/dist/vueMain.js:1:63075)
	at process.processImmediate (node:internal/timers:483:21)
2024-11-06 17:40:46.739 [info] Eager extensions activated
2024-11-06 17:40:46.741 [info] ExtensionService#_doActivateExtension vscode.debug-auto-launch, startup: false, activationEvent: 'onStartupFinished'
2024-11-06 17:40:46.741 [info] ExtensionService#_doActivateExtension vscode.merge-conflict, startup: false, activationEvent: 'onStartupFinished'
2024-11-06 17:41:05.268 [info] ExtensionService#_doActivateExtension vscode.npm, startup: false, activationEvent: 'onTerminalQuickFixRequest:ms-vscode.npm-command'
2024-11-06 17:41:10.838 [info] ExtensionService#_doActivateExtension vscode.configuration-editing, startup: false, activationEvent: 'onLanguage:json'
2024-11-06 17:41:10.838 [info] ExtensionService#_doActivateExtension vscode.extension-editing, startup: false, activationEvent: 'onLanguage:json'
2024-11-06 17:41:10.838 [info] ExtensionService#_doActivateExtension vscode.json-language-features, startup: false, activationEvent: 'onLanguage:json'
2024-11-06 17:45:25.655 [error] [octref.vetur] provider FAILED
2024-11-06 17:45:25.655 [error] Error: Request textDocument/semanticTokens/range failed with message: Cannot read properties of undefined (reading 'flags')
	at /home/waq/.vscode-server/extensions/octref.vetur-0.37.3/dist/vueMain.js:1:62416
	at /home/waq/.vscode-server/extensions/octref.vetur-0.37.3/dist/vueMain.js:1:62710
	at Immediate.<anonymous> (/home/waq/.vscode-server/extensions/octref.vetur-0.37.3/dist/vueMain.js:1:63075)
	at process.processImmediate (node:internal/timers:483:21)
2024-11-06 17:49:15.553 [error] [octref.vetur] provider FAILED
2024-11-06 17:49:15.553 [error] Error: Request textDocument/semanticTokens/range failed with message: Cannot read properties of undefined (reading 'flags')
	at /home/waq/.vscode-server/extensions/octref.vetur-0.37.3/dist/vueMain.js:1:62416
	at /home/waq/.vscode-server/extensions/octref.vetur-0.37.3/dist/vueMain.js:1:62710
	at Immediate.<anonymous> (/home/waq/.vscode-server/extensions/octref.vetur-0.37.3/dist/vueMain.js:1:63075)
	at process.processImmediate (node:internal/timers:483:21)
2024-11-06 17:49:16.182 [error] [octref.vetur] provider FAILED
2024-11-06 17:49:16.182 [error] Error: Request textDocument/semanticTokens/range failed with message: Cannot read properties of undefined (reading 'flags')
	at /home/waq/.vscode-server/extensions/octref.vetur-0.37.3/dist/vueMain.js:1:62416
	at /home/waq/.vscode-server/extensions/octref.vetur-0.37.3/dist/vueMain.js:1:62710
	at Immediate.<anonymous> (/home/waq/.vscode-server/extensions/octref.vetur-0.37.3/dist/vueMain.js:1:63075)
	at process.processImmediate (node:internal/timers:483:21)
2024-11-06 17:50:22.245 [error] [octref.vetur] provider FAILED
2024-11-06 17:50:22.245 [error] Error: Request textDocument/semanticTokens/range failed with message: Cannot read properties of undefined (reading 'flags')
	at /home/waq/.vscode-server/extensions/octref.vetur-0.37.3/dist/vueMain.js:1:62416
	at /home/waq/.vscode-server/extensions/octref.vetur-0.37.3/dist/vueMain.js:1:62710
	at Immediate.<anonymous> (/home/waq/.vscode-server/extensions/octref.vetur-0.37.3/dist/vueMain.js:1:63075)
	at process.processImmediate (node:internal/timers:483:21)
2024-11-06 18:00:19.030 [error] [octref.vetur] provider FAILED
2024-11-06 18:00:19.030 [error] Error: Request textDocument/semanticTokens/range failed with message: Cannot read properties of undefined (reading 'flags')
	at /home/waq/.vscode-server/extensions/octref.vetur-0.37.3/dist/vueMain.js:1:62416
	at /home/waq/.vscode-server/extensions/octref.vetur-0.37.3/dist/vueMain.js:1:62710
	at Immediate.<anonymous> (/home/waq/.vscode-server/extensions/octref.vetur-0.37.3/dist/vueMain.js:1:63075)
	at process.processImmediate (node:internal/timers:483:21)
2024-11-06 18:00:19.127 [error] [octref.vetur] provider FAILED
2024-11-06 18:00:19.127 [error] Error: Request textDocument/semanticTokens/full failed with message: Cannot read properties of undefined (reading 'flags')
	at /home/waq/.vscode-server/extensions/octref.vetur-0.37.3/dist/vueMain.js:1:62416
	at /home/waq/.vscode-server/extensions/octref.vetur-0.37.3/dist/vueMain.js:1:62710
	at Immediate.<anonymous> (/home/waq/.vscode-server/extensions/octref.vetur-0.37.3/dist/vueMain.js:1:63075)
	at process.processImmediate (node:internal/timers:483:21)
