2024-11-05 20:11:04.222 [info] Extension host with pid 65684 started
2024-11-05 20:11:04.270 [info] Lock '/home/waq/.vscode-server/data/User/workspaceStorage/f2c5e88cc6ff560520be7d8442405061/vscode.lock': Lock acquired.
2024-11-05 20:11:04.607 [info] ExtensionService#_doActivateExtension vscode.tunnel-forwarding, startup: false, activationEvent: 'onTunnel'
2024-11-05 20:11:04.608 [info] ExtensionService#_doActivateExtension vscode.emmet, startup: false, activationEvent: 'onLanguage'
2024-11-05 20:11:04.608 [info] ExtensionService#_doActivateExtension octref.vetur, startup: false, activationEvent: 'onLanguage:vue'
2024-11-05 20:11:04.608 [info] ExtensionService#_doActivateExtension vscode.git-base, startup: false, activationEvent: '*', root cause: vscode.git
2024-11-05 20:11:04.967 [info] ExtensionService#_doActivateExtension vscode.git, startup: false, activationEvent: '*'
2024-11-05 20:11:04.968 [info] ExtensionService#_doActivateExtension vscode.github, startup: false, activationEvent: '*'
2024-11-05 20:11:05.610 [info] Eager extensions activated
2024-11-05 20:11:05.612 [info] ExtensionService#_doActivateExtension vscode.debug-auto-launch, startup: false, activationEvent: 'onStartupFinished'
2024-11-05 20:11:05.612 [info] ExtensionService#_doActivateExtension vscode.merge-conflict, startup: false, activationEvent: 'onStartupFinished'
2024-11-05 20:11:06.287 [error] [octref.vetur] provider FAILED
2024-11-05 20:11:06.288 [error] Error: Request textDocument/semanticTokens/full failed with message: Cannot read properties of undefined (reading 'flags')
	at /home/waq/.vscode-server/extensions/octref.vetur-0.37.3/dist/vueMain.js:1:62416
	at /home/waq/.vscode-server/extensions/octref.vetur-0.37.3/dist/vueMain.js:1:62710
	at Immediate.<anonymous> (/home/waq/.vscode-server/extensions/octref.vetur-0.37.3/dist/vueMain.js:1:63075)
	at process.processImmediate (node:internal/timers:483:21)
2024-11-05 20:11:06.321 [error] [octref.vetur] provider FAILED
2024-11-05 20:11:06.321 [error] Error: Request textDocument/semanticTokens/range failed with message: Cannot read properties of undefined (reading 'flags')
	at /home/waq/.vscode-server/extensions/octref.vetur-0.37.3/dist/vueMain.js:1:62416
	at /home/waq/.vscode-server/extensions/octref.vetur-0.37.3/dist/vueMain.js:1:62710
	at Immediate.<anonymous> (/home/waq/.vscode-server/extensions/octref.vetur-0.37.3/dist/vueMain.js:1:63075)
	at process.processImmediate (node:internal/timers:483:21)
2024-11-05 20:11:09.771 [error] [octref.vetur] provider FAILED
2024-11-05 20:11:09.771 [error] Error: Request textDocument/semanticTokens/range failed with message: Cannot read properties of undefined (reading 'flags')
	at /home/waq/.vscode-server/extensions/octref.vetur-0.37.3/dist/vueMain.js:1:62416
	at /home/waq/.vscode-server/extensions/octref.vetur-0.37.3/dist/vueMain.js:1:62710
	at Immediate.<anonymous> (/home/waq/.vscode-server/extensions/octref.vetur-0.37.3/dist/vueMain.js:1:63075)
	at process.processImmediate (node:internal/timers:483:21)
2024-11-05 20:11:10.091 [error] [octref.vetur] provider FAILED
2024-11-05 20:11:10.091 [error] Error: Request textDocument/semanticTokens/full failed with message: Cannot read properties of undefined (reading 'flags')
	at /home/waq/.vscode-server/extensions/octref.vetur-0.37.3/dist/vueMain.js:1:62416
	at /home/waq/.vscode-server/extensions/octref.vetur-0.37.3/dist/vueMain.js:1:62710
	at Immediate.<anonymous> (/home/waq/.vscode-server/extensions/octref.vetur-0.37.3/dist/vueMain.js:1:63075)
	at process.processImmediate (node:internal/timers:483:21)
2024-11-05 20:11:12.418 [error] [octref.vetur] provider FAILED
2024-11-05 20:11:12.418 [error] Error: Request textDocument/semanticTokens/range failed with message: Cannot read properties of undefined (reading 'flags')
	at /home/waq/.vscode-server/extensions/octref.vetur-0.37.3/dist/vueMain.js:1:62416
	at /home/waq/.vscode-server/extensions/octref.vetur-0.37.3/dist/vueMain.js:1:62710
	at Immediate.<anonymous> (/home/waq/.vscode-server/extensions/octref.vetur-0.37.3/dist/vueMain.js:1:63075)
	at process.processImmediate (node:internal/timers:483:21)
2024-11-05 20:11:12.757 [error] [octref.vetur] provider FAILED
2024-11-05 20:11:12.758 [error] Error: Request textDocument/semanticTokens/range failed with message: Cannot read properties of undefined (reading 'flags')
	at /home/waq/.vscode-server/extensions/octref.vetur-0.37.3/dist/vueMain.js:1:62416
	at /home/waq/.vscode-server/extensions/octref.vetur-0.37.3/dist/vueMain.js:1:62710
	at Immediate.<anonymous> (/home/waq/.vscode-server/extensions/octref.vetur-0.37.3/dist/vueMain.js:1:63075)
	at process.processImmediate (node:internal/timers:483:21)
2024-11-05 20:11:13.246 [error] [octref.vetur] provider FAILED
2024-11-05 20:11:13.246 [error] Error: Request textDocument/semanticTokens/range failed with message: Cannot read properties of undefined (reading 'flags')
	at /home/waq/.vscode-server/extensions/octref.vetur-0.37.3/dist/vueMain.js:1:62416
	at /home/waq/.vscode-server/extensions/octref.vetur-0.37.3/dist/vueMain.js:1:62710
	at Immediate.<anonymous> (/home/waq/.vscode-server/extensions/octref.vetur-0.37.3/dist/vueMain.js:1:63075)
	at process.processImmediate (node:internal/timers:483:21)
2024-11-05 20:11:38.926 [error] [octref.vetur] provider FAILED
2024-11-05 20:11:38.926 [error] Error: Request textDocument/semanticTokens/range failed with message: Cannot read properties of undefined (reading 'flags')
	at /home/waq/.vscode-server/extensions/octref.vetur-0.37.3/dist/vueMain.js:1:62416
	at /home/waq/.vscode-server/extensions/octref.vetur-0.37.3/dist/vueMain.js:1:62710
	at Immediate.<anonymous> (/home/waq/.vscode-server/extensions/octref.vetur-0.37.3/dist/vueMain.js:1:63075)
	at process.processImmediate (node:internal/timers:483:21)
2024-11-05 20:11:39.377 [error] [octref.vetur] provider FAILED
2024-11-05 20:11:39.377 [error] Error: Request textDocument/semanticTokens/range failed with message: Cannot read properties of undefined (reading 'flags')
	at /home/waq/.vscode-server/extensions/octref.vetur-0.37.3/dist/vueMain.js:1:62416
	at /home/waq/.vscode-server/extensions/octref.vetur-0.37.3/dist/vueMain.js:1:62710
	at Immediate.<anonymous> (/home/waq/.vscode-server/extensions/octref.vetur-0.37.3/dist/vueMain.js:1:63075)
	at process.processImmediate (node:internal/timers:483:21)
2024-11-05 20:11:39.914 [error] [octref.vetur] provider FAILED
2024-11-05 20:11:39.914 [error] Error: Request textDocument/semanticTokens/range failed with message: Cannot read properties of undefined (reading 'flags')
	at /home/waq/.vscode-server/extensions/octref.vetur-0.37.3/dist/vueMain.js:1:62416
	at /home/waq/.vscode-server/extensions/octref.vetur-0.37.3/dist/vueMain.js:1:62710
	at Immediate.<anonymous> (/home/waq/.vscode-server/extensions/octref.vetur-0.37.3/dist/vueMain.js:1:63075)
	at process.processImmediate (node:internal/timers:483:21)
2024-11-05 20:11:40.655 [error] [octref.vetur] provider FAILED
2024-11-05 20:11:40.655 [error] Error: Request textDocument/semanticTokens/range failed with message: Cannot read properties of undefined (reading 'flags')
	at /home/waq/.vscode-server/extensions/octref.vetur-0.37.3/dist/vueMain.js:1:62416
	at /home/waq/.vscode-server/extensions/octref.vetur-0.37.3/dist/vueMain.js:1:62710
	at Immediate.<anonymous> (/home/waq/.vscode-server/extensions/octref.vetur-0.37.3/dist/vueMain.js:1:63075)
	at process.processImmediate (node:internal/timers:483:21)
2024-11-05 20:11:45.322 [error] [octref.vetur] provider FAILED
2024-11-05 20:11:45.322 [error] Error: Request textDocument/semanticTokens/range failed with message: Cannot read properties of undefined (reading 'flags')
	at /home/waq/.vscode-server/extensions/octref.vetur-0.37.3/dist/vueMain.js:1:62416
	at /home/waq/.vscode-server/extensions/octref.vetur-0.37.3/dist/vueMain.js:1:62710
	at Immediate.<anonymous> (/home/waq/.vscode-server/extensions/octref.vetur-0.37.3/dist/vueMain.js:1:63075)
	at process.processImmediate (node:internal/timers:483:21)
2024-11-05 20:11:57.152 [error] [octref.vetur] provider FAILED
2024-11-05 20:11:57.152 [error] Error: Request textDocument/semanticTokens/range failed with message: Cannot read properties of undefined (reading 'flags')
	at /home/waq/.vscode-server/extensions/octref.vetur-0.37.3/dist/vueMain.js:1:62416
	at /home/waq/.vscode-server/extensions/octref.vetur-0.37.3/dist/vueMain.js:1:62710
	at Immediate.<anonymous> (/home/waq/.vscode-server/extensions/octref.vetur-0.37.3/dist/vueMain.js:1:63075)
	at process.processImmediate (node:internal/timers:483:21)
2024-11-05 20:12:01.118 [error] [octref.vetur] provider FAILED
2024-11-05 20:12:01.118 [error] Error: Request textDocument/semanticTokens/range failed with message: Cannot read properties of undefined (reading 'flags')
	at /home/waq/.vscode-server/extensions/octref.vetur-0.37.3/dist/vueMain.js:1:62416
	at /home/waq/.vscode-server/extensions/octref.vetur-0.37.3/dist/vueMain.js:1:62710
	at Immediate.<anonymous> (/home/waq/.vscode-server/extensions/octref.vetur-0.37.3/dist/vueMain.js:1:63075)
	at process.processImmediate (node:internal/timers:483:21)
2024-11-05 20:12:01.310 [error] [octref.vetur] provider FAILED
2024-11-05 20:12:01.310 [error] Error: Request textDocument/semanticTokens/range failed with message: Cannot read properties of undefined (reading 'flags')
	at /home/waq/.vscode-server/extensions/octref.vetur-0.37.3/dist/vueMain.js:1:62416
	at /home/waq/.vscode-server/extensions/octref.vetur-0.37.3/dist/vueMain.js:1:62710
	at Immediate.<anonymous> (/home/waq/.vscode-server/extensions/octref.vetur-0.37.3/dist/vueMain.js:1:63075)
	at process.processImmediate (node:internal/timers:483:21)
2024-11-05 20:12:01.477 [error] [octref.vetur] provider FAILED
2024-11-05 20:12:01.477 [error] Error: Request textDocument/semanticTokens/range failed with message: Cannot read properties of undefined (reading 'flags')
	at /home/waq/.vscode-server/extensions/octref.vetur-0.37.3/dist/vueMain.js:1:62416
	at /home/waq/.vscode-server/extensions/octref.vetur-0.37.3/dist/vueMain.js:1:62710
	at Immediate.<anonymous> (/home/waq/.vscode-server/extensions/octref.vetur-0.37.3/dist/vueMain.js:1:63075)
	at process.processImmediate (node:internal/timers:483:21)
2024-11-05 20:12:01.617 [error] [octref.vetur] provider FAILED
2024-11-05 20:12:01.617 [error] Error: Request textDocument/semanticTokens/range failed with message: Cannot read properties of undefined (reading 'flags')
	at /home/waq/.vscode-server/extensions/octref.vetur-0.37.3/dist/vueMain.js:1:62416
	at /home/waq/.vscode-server/extensions/octref.vetur-0.37.3/dist/vueMain.js:1:62710
	at Immediate.<anonymous> (/home/waq/.vscode-server/extensions/octref.vetur-0.37.3/dist/vueMain.js:1:63075)
	at process.processImmediate (node:internal/timers:483:21)
2024-11-05 20:12:04.695 [error] [octref.vetur] provider FAILED
2024-11-05 20:12:04.695 [error] Error: Request textDocument/semanticTokens/range failed with message: Cannot read properties of undefined (reading 'flags')
	at /home/waq/.vscode-server/extensions/octref.vetur-0.37.3/dist/vueMain.js:1:62416
	at /home/waq/.vscode-server/extensions/octref.vetur-0.37.3/dist/vueMain.js:1:62710
	at Immediate.<anonymous> (/home/waq/.vscode-server/extensions/octref.vetur-0.37.3/dist/vueMain.js:1:63075)
	at process.processImmediate (node:internal/timers:483:21)
2024-11-05 20:12:05.056 [error] [octref.vetur] provider FAILED
2024-11-05 20:12:05.056 [error] Error: Request textDocument/semanticTokens/full failed with message: Cannot read properties of undefined (reading 'flags')
	at /home/waq/.vscode-server/extensions/octref.vetur-0.37.3/dist/vueMain.js:1:62416
	at /home/waq/.vscode-server/extensions/octref.vetur-0.37.3/dist/vueMain.js:1:62710
	at Immediate.<anonymous> (/home/waq/.vscode-server/extensions/octref.vetur-0.37.3/dist/vueMain.js:1:63075)
	at process.processImmediate (node:internal/timers:483:21)
2024-11-05 20:12:06.598 [error] [octref.vetur] provider FAILED
2024-11-05 20:12:06.598 [error] Error: Request textDocument/semanticTokens/range failed with message: Cannot read properties of undefined (reading 'flags')
	at /home/waq/.vscode-server/extensions/octref.vetur-0.37.3/dist/vueMain.js:1:62416
	at /home/waq/.vscode-server/extensions/octref.vetur-0.37.3/dist/vueMain.js:1:62710
	at Immediate.<anonymous> (/home/waq/.vscode-server/extensions/octref.vetur-0.37.3/dist/vueMain.js:1:63075)
	at process.processImmediate (node:internal/timers:483:21)
2024-11-05 20:12:06.947 [error] [octref.vetur] provider FAILED
2024-11-05 20:12:06.947 [error] Error: Request textDocument/semanticTokens/full failed with message: Cannot read properties of undefined (reading 'flags')
	at /home/waq/.vscode-server/extensions/octref.vetur-0.37.3/dist/vueMain.js:1:62416
	at /home/waq/.vscode-server/extensions/octref.vetur-0.37.3/dist/vueMain.js:1:62710
	at Immediate.<anonymous> (/home/waq/.vscode-server/extensions/octref.vetur-0.37.3/dist/vueMain.js:1:63075)
	at process.processImmediate (node:internal/timers:483:21)
2024-11-05 20:12:08.094 [error] [octref.vetur] provider FAILED
2024-11-05 20:12:08.094 [error] Error: Request textDocument/semanticTokens/range failed with message: Cannot read properties of undefined (reading 'flags')
	at /home/waq/.vscode-server/extensions/octref.vetur-0.37.3/dist/vueMain.js:1:62416
	at /home/waq/.vscode-server/extensions/octref.vetur-0.37.3/dist/vueMain.js:1:62710
	at Immediate.<anonymous> (/home/waq/.vscode-server/extensions/octref.vetur-0.37.3/dist/vueMain.js:1:63075)
	at process.processImmediate (node:internal/timers:483:21)
2024-11-05 20:12:08.468 [error] [octref.vetur] provider FAILED
2024-11-05 20:12:08.468 [error] Error: Request textDocument/semanticTokens/full failed with message: Cannot read properties of undefined (reading 'flags')
	at /home/waq/.vscode-server/extensions/octref.vetur-0.37.3/dist/vueMain.js:1:62416
	at /home/waq/.vscode-server/extensions/octref.vetur-0.37.3/dist/vueMain.js:1:62710
	at Immediate.<anonymous> (/home/waq/.vscode-server/extensions/octref.vetur-0.37.3/dist/vueMain.js:1:63075)
	at process.processImmediate (node:internal/timers:483:21)
2024-11-05 20:12:47.339 [error] [octref.vetur] provider FAILED
2024-11-05 20:12:47.339 [error] Error: Request textDocument/semanticTokens/range failed with message: Cannot read properties of undefined (reading 'flags')
	at /home/waq/.vscode-server/extensions/octref.vetur-0.37.3/dist/vueMain.js:1:62416
	at /home/waq/.vscode-server/extensions/octref.vetur-0.37.3/dist/vueMain.js:1:62710
	at Immediate.<anonymous> (/home/waq/.vscode-server/extensions/octref.vetur-0.37.3/dist/vueMain.js:1:63075)
	at process.processImmediate (node:internal/timers:483:21)
2024-11-05 20:12:47.713 [error] [octref.vetur] provider FAILED
2024-11-05 20:12:47.713 [error] Error: Request textDocument/semanticTokens/full failed with message: Cannot read properties of undefined (reading 'flags')
	at /home/waq/.vscode-server/extensions/octref.vetur-0.37.3/dist/vueMain.js:1:62416
	at /home/waq/.vscode-server/extensions/octref.vetur-0.37.3/dist/vueMain.js:1:62710
	at Immediate.<anonymous> (/home/waq/.vscode-server/extensions/octref.vetur-0.37.3/dist/vueMain.js:1:63075)
	at process.processImmediate (node:internal/timers:483:21)
2024-11-05 20:12:55.910 [error] [octref.vetur] provider FAILED
2024-11-05 20:12:55.911 [error] Error: Request textDocument/semanticTokens/range failed with message: Cannot read properties of undefined (reading 'flags')
	at /home/waq/.vscode-server/extensions/octref.vetur-0.37.3/dist/vueMain.js:1:62416
	at /home/waq/.vscode-server/extensions/octref.vetur-0.37.3/dist/vueMain.js:1:62710
	at Immediate.<anonymous> (/home/waq/.vscode-server/extensions/octref.vetur-0.37.3/dist/vueMain.js:1:63075)
	at process.processImmediate (node:internal/timers:483:21)
2024-11-05 20:12:56.287 [error] [octref.vetur] provider FAILED
2024-11-05 20:12:56.287 [error] Error: Request textDocument/semanticTokens/full failed with message: Cannot read properties of undefined (reading 'flags')
	at /home/waq/.vscode-server/extensions/octref.vetur-0.37.3/dist/vueMain.js:1:62416
	at /home/waq/.vscode-server/extensions/octref.vetur-0.37.3/dist/vueMain.js:1:62710
	at Immediate.<anonymous> (/home/waq/.vscode-server/extensions/octref.vetur-0.37.3/dist/vueMain.js:1:63075)
	at process.processImmediate (node:internal/timers:483:21)
2024-11-05 20:12:59.318 [error] [octref.vetur] provider FAILED
2024-11-05 20:12:59.318 [error] Error: Request textDocument/semanticTokens/range failed with message: Cannot read properties of undefined (reading 'flags')
	at /home/waq/.vscode-server/extensions/octref.vetur-0.37.3/dist/vueMain.js:1:62416
	at /home/waq/.vscode-server/extensions/octref.vetur-0.37.3/dist/vueMain.js:1:62710
	at Immediate.<anonymous> (/home/waq/.vscode-server/extensions/octref.vetur-0.37.3/dist/vueMain.js:1:63075)
	at process.processImmediate (node:internal/timers:483:21)
2024-11-05 20:12:59.692 [error] [octref.vetur] provider FAILED
2024-11-05 20:12:59.692 [error] Error: Request textDocument/semanticTokens/full failed with message: Cannot read properties of undefined (reading 'flags')
	at /home/waq/.vscode-server/extensions/octref.vetur-0.37.3/dist/vueMain.js:1:62416
	at /home/waq/.vscode-server/extensions/octref.vetur-0.37.3/dist/vueMain.js:1:62710
	at Immediate.<anonymous> (/home/waq/.vscode-server/extensions/octref.vetur-0.37.3/dist/vueMain.js:1:63075)
	at process.processImmediate (node:internal/timers:483:21)
2024-11-05 20:13:00.765 [error] [octref.vetur] provider FAILED
2024-11-05 20:13:00.765 [error] Error: Request textDocument/semanticTokens/range failed with message: Cannot read properties of undefined (reading 'flags')
	at /home/waq/.vscode-server/extensions/octref.vetur-0.37.3/dist/vueMain.js:1:62416
	at /home/waq/.vscode-server/extensions/octref.vetur-0.37.3/dist/vueMain.js:1:62710
	at Immediate.<anonymous> (/home/waq/.vscode-server/extensions/octref.vetur-0.37.3/dist/vueMain.js:1:63075)
	at process.processImmediate (node:internal/timers:483:21)
2024-11-05 20:13:01.143 [error] [octref.vetur] provider FAILED
2024-11-05 20:13:01.143 [error] Error: Request textDocument/semanticTokens/full failed with message: Cannot read properties of undefined (reading 'flags')
	at /home/waq/.vscode-server/extensions/octref.vetur-0.37.3/dist/vueMain.js:1:62416
	at /home/waq/.vscode-server/extensions/octref.vetur-0.37.3/dist/vueMain.js:1:62710
	at Immediate.<anonymous> (/home/waq/.vscode-server/extensions/octref.vetur-0.37.3/dist/vueMain.js:1:63075)
	at process.processImmediate (node:internal/timers:483:21)
2024-11-05 20:13:02.713 [error] [octref.vetur] provider FAILED
2024-11-05 20:13:02.713 [error] Error: Request textDocument/semanticTokens/range failed with message: Cannot read properties of undefined (reading 'flags')
	at /home/waq/.vscode-server/extensions/octref.vetur-0.37.3/dist/vueMain.js:1:62416
	at /home/waq/.vscode-server/extensions/octref.vetur-0.37.3/dist/vueMain.js:1:62710
	at Immediate.<anonymous> (/home/waq/.vscode-server/extensions/octref.vetur-0.37.3/dist/vueMain.js:1:63075)
	at process.processImmediate (node:internal/timers:483:21)
2024-11-05 20:13:03.088 [error] [octref.vetur] provider FAILED
2024-11-05 20:13:03.088 [error] Error: Request textDocument/semanticTokens/full failed with message: Cannot read properties of undefined (reading 'flags')
	at /home/waq/.vscode-server/extensions/octref.vetur-0.37.3/dist/vueMain.js:1:62416
	at /home/waq/.vscode-server/extensions/octref.vetur-0.37.3/dist/vueMain.js:1:62710
	at Immediate.<anonymous> (/home/waq/.vscode-server/extensions/octref.vetur-0.37.3/dist/vueMain.js:1:63075)
	at process.processImmediate (node:internal/timers:483:21)
2024-11-05 20:13:05.458 [error] [octref.vetur] provider FAILED
2024-11-05 20:13:05.458 [error] Error: Request textDocument/semanticTokens/range failed with message: Cannot read properties of undefined (reading 'flags')
	at /home/waq/.vscode-server/extensions/octref.vetur-0.37.3/dist/vueMain.js:1:62416
	at /home/waq/.vscode-server/extensions/octref.vetur-0.37.3/dist/vueMain.js:1:62710
	at Immediate.<anonymous> (/home/waq/.vscode-server/extensions/octref.vetur-0.37.3/dist/vueMain.js:1:63075)
	at process.processImmediate (node:internal/timers:483:21)
2024-11-05 20:13:05.819 [error] [octref.vetur] provider FAILED
2024-11-05 20:13:05.819 [error] Error: Request textDocument/semanticTokens/full failed with message: Cannot read properties of undefined (reading 'flags')
	at /home/waq/.vscode-server/extensions/octref.vetur-0.37.3/dist/vueMain.js:1:62416
	at /home/waq/.vscode-server/extensions/octref.vetur-0.37.3/dist/vueMain.js:1:62710
	at Immediate.<anonymous> (/home/waq/.vscode-server/extensions/octref.vetur-0.37.3/dist/vueMain.js:1:63075)
	at process.processImmediate (node:internal/timers:483:21)
2024-11-05 20:13:36.709 [error] [octref.vetur] provider FAILED
2024-11-05 20:13:36.709 [error] Error: Request textDocument/semanticTokens/range failed with message: Cannot read properties of undefined (reading 'flags')
	at /home/waq/.vscode-server/extensions/octref.vetur-0.37.3/dist/vueMain.js:1:62416
	at /home/waq/.vscode-server/extensions/octref.vetur-0.37.3/dist/vueMain.js:1:62710
	at Immediate.<anonymous> (/home/waq/.vscode-server/extensions/octref.vetur-0.37.3/dist/vueMain.js:1:63075)
	at process.processImmediate (node:internal/timers:483:21)
2024-11-05 20:13:37.081 [error] [octref.vetur] provider FAILED
2024-11-05 20:13:37.081 [error] Error: Request textDocument/semanticTokens/full failed with message: Cannot read properties of undefined (reading 'flags')
	at /home/waq/.vscode-server/extensions/octref.vetur-0.37.3/dist/vueMain.js:1:62416
	at /home/waq/.vscode-server/extensions/octref.vetur-0.37.3/dist/vueMain.js:1:62710
	at Immediate.<anonymous> (/home/waq/.vscode-server/extensions/octref.vetur-0.37.3/dist/vueMain.js:1:63075)
	at process.processImmediate (node:internal/timers:483:21)
2024-11-05 20:13:39.783 [error] [octref.vetur] provider FAILED
2024-11-05 20:13:39.783 [error] Error: Request textDocument/semanticTokens/range failed with message: Cannot read properties of undefined (reading 'flags')
	at /home/waq/.vscode-server/extensions/octref.vetur-0.37.3/dist/vueMain.js:1:62416
	at /home/waq/.vscode-server/extensions/octref.vetur-0.37.3/dist/vueMain.js:1:62710
	at Immediate.<anonymous> (/home/waq/.vscode-server/extensions/octref.vetur-0.37.3/dist/vueMain.js:1:63075)
	at process.processImmediate (node:internal/timers:483:21)
2024-11-05 20:13:40.157 [error] [octref.vetur] provider FAILED
2024-11-05 20:13:40.158 [error] Error: Request textDocument/semanticTokens/full failed with message: Cannot read properties of undefined (reading 'flags')
	at /home/waq/.vscode-server/extensions/octref.vetur-0.37.3/dist/vueMain.js:1:62416
	at /home/waq/.vscode-server/extensions/octref.vetur-0.37.3/dist/vueMain.js:1:62710
	at Immediate.<anonymous> (/home/waq/.vscode-server/extensions/octref.vetur-0.37.3/dist/vueMain.js:1:63075)
	at process.processImmediate (node:internal/timers:483:21)
2024-11-05 20:13:42.696 [error] [octref.vetur] provider FAILED
2024-11-05 20:13:42.696 [error] Error: Request textDocument/semanticTokens/range failed with message: Cannot read properties of undefined (reading 'flags')
	at /home/waq/.vscode-server/extensions/octref.vetur-0.37.3/dist/vueMain.js:1:62416
	at /home/waq/.vscode-server/extensions/octref.vetur-0.37.3/dist/vueMain.js:1:62710
	at Immediate.<anonymous> (/home/waq/.vscode-server/extensions/octref.vetur-0.37.3/dist/vueMain.js:1:63075)
	at process.processImmediate (node:internal/timers:483:21)
2024-11-05 20:13:43.069 [error] [octref.vetur] provider FAILED
2024-11-05 20:13:43.069 [error] Error: Request textDocument/semanticTokens/full failed with message: Cannot read properties of undefined (reading 'flags')
	at /home/waq/.vscode-server/extensions/octref.vetur-0.37.3/dist/vueMain.js:1:62416
	at /home/waq/.vscode-server/extensions/octref.vetur-0.37.3/dist/vueMain.js:1:62710
	at Immediate.<anonymous> (/home/waq/.vscode-server/extensions/octref.vetur-0.37.3/dist/vueMain.js:1:63075)
	at process.processImmediate (node:internal/timers:483:21)
2024-11-05 20:13:47.461 [error] [octref.vetur] provider FAILED
2024-11-05 20:13:47.461 [error] Error: Request textDocument/semanticTokens/range failed with message: Cannot read properties of undefined (reading 'flags')
	at /home/waq/.vscode-server/extensions/octref.vetur-0.37.3/dist/vueMain.js:1:62416
	at /home/waq/.vscode-server/extensions/octref.vetur-0.37.3/dist/vueMain.js:1:62710
	at Immediate.<anonymous> (/home/waq/.vscode-server/extensions/octref.vetur-0.37.3/dist/vueMain.js:1:63075)
	at process.processImmediate (node:internal/timers:483:21)
2024-11-05 20:13:48.084 [error] [octref.vetur] provider FAILED
2024-11-05 20:13:48.084 [error] Error: Request textDocument/semanticTokens/range failed with message: Cannot read properties of undefined (reading 'flags')
	at /home/waq/.vscode-server/extensions/octref.vetur-0.37.3/dist/vueMain.js:1:62416
	at /home/waq/.vscode-server/extensions/octref.vetur-0.37.3/dist/vueMain.js:1:62710
	at Immediate.<anonymous> (/home/waq/.vscode-server/extensions/octref.vetur-0.37.3/dist/vueMain.js:1:63075)
	at process.processImmediate (node:internal/timers:483:21)
2024-11-05 20:13:49.606 [error] [octref.vetur] provider FAILED
2024-11-05 20:13:49.606 [error] Error: Request textDocument/semanticTokens/range failed with message: Cannot read properties of undefined (reading 'flags')
	at /home/waq/.vscode-server/extensions/octref.vetur-0.37.3/dist/vueMain.js:1:62416
	at /home/waq/.vscode-server/extensions/octref.vetur-0.37.3/dist/vueMain.js:1:62710
	at Immediate.<anonymous> (/home/waq/.vscode-server/extensions/octref.vetur-0.37.3/dist/vueMain.js:1:63075)
	at process.processImmediate (node:internal/timers:483:21)
2024-11-05 20:13:49.999 [error] [octref.vetur] provider FAILED
2024-11-05 20:13:49.999 [error] Error: Request textDocument/semanticTokens/range failed with message: Cannot read properties of undefined (reading 'flags')
	at /home/waq/.vscode-server/extensions/octref.vetur-0.37.3/dist/vueMain.js:1:62416
	at /home/waq/.vscode-server/extensions/octref.vetur-0.37.3/dist/vueMain.js:1:62710
	at Immediate.<anonymous> (/home/waq/.vscode-server/extensions/octref.vetur-0.37.3/dist/vueMain.js:1:63075)
	at process.processImmediate (node:internal/timers:483:21)
2024-11-05 20:13:50.671 [error] [octref.vetur] provider FAILED
2024-11-05 20:13:50.671 [error] Error: Request textDocument/semanticTokens/range failed with message: Cannot read properties of undefined (reading 'flags')
	at /home/waq/.vscode-server/extensions/octref.vetur-0.37.3/dist/vueMain.js:1:62416
	at /home/waq/.vscode-server/extensions/octref.vetur-0.37.3/dist/vueMain.js:1:62710
	at Immediate.<anonymous> (/home/waq/.vscode-server/extensions/octref.vetur-0.37.3/dist/vueMain.js:1:63075)
	at process.processImmediate (node:internal/timers:483:21)
2024-11-05 20:13:51.136 [error] [octref.vetur] provider FAILED
2024-11-05 20:13:51.136 [error] Error: Request textDocument/semanticTokens/range failed with message: Cannot read properties of undefined (reading 'flags')
	at /home/waq/.vscode-server/extensions/octref.vetur-0.37.3/dist/vueMain.js:1:62416
	at /home/waq/.vscode-server/extensions/octref.vetur-0.37.3/dist/vueMain.js:1:62710
	at Immediate.<anonymous> (/home/waq/.vscode-server/extensions/octref.vetur-0.37.3/dist/vueMain.js:1:63075)
	at process.processImmediate (node:internal/timers:483:21)
2024-11-05 20:13:51.511 [error] [octref.vetur] provider FAILED
2024-11-05 20:13:51.511 [error] Error: Request textDocument/semanticTokens/range failed with message: Cannot read properties of undefined (reading 'flags')
	at /home/waq/.vscode-server/extensions/octref.vetur-0.37.3/dist/vueMain.js:1:62416
	at /home/waq/.vscode-server/extensions/octref.vetur-0.37.3/dist/vueMain.js:1:62710
	at Immediate.<anonymous> (/home/waq/.vscode-server/extensions/octref.vetur-0.37.3/dist/vueMain.js:1:63075)
	at process.processImmediate (node:internal/timers:483:21)
2024-11-05 20:13:51.788 [error] [octref.vetur] provider FAILED
2024-11-05 20:13:51.788 [error] Error: Request textDocument/semanticTokens/range failed with message: Cannot read properties of undefined (reading 'flags')
	at /home/waq/.vscode-server/extensions/octref.vetur-0.37.3/dist/vueMain.js:1:62416
	at /home/waq/.vscode-server/extensions/octref.vetur-0.37.3/dist/vueMain.js:1:62710
	at Immediate.<anonymous> (/home/waq/.vscode-server/extensions/octref.vetur-0.37.3/dist/vueMain.js:1:63075)
	at process.processImmediate (node:internal/timers:483:21)
2024-11-05 20:13:52.080 [error] [octref.vetur] provider FAILED
2024-11-05 20:13:52.080 [error] Error: Request textDocument/semanticTokens/range failed with message: Cannot read properties of undefined (reading 'flags')
	at /home/waq/.vscode-server/extensions/octref.vetur-0.37.3/dist/vueMain.js:1:62416
	at /home/waq/.vscode-server/extensions/octref.vetur-0.37.3/dist/vueMain.js:1:62710
	at Immediate.<anonymous> (/home/waq/.vscode-server/extensions/octref.vetur-0.37.3/dist/vueMain.js:1:63075)
	at process.processImmediate (node:internal/timers:483:21)
2024-11-05 20:13:52.687 [error] [octref.vetur] provider FAILED
2024-11-05 20:13:52.687 [error] Error: Request textDocument/semanticTokens/range failed with message: Cannot read properties of undefined (reading 'flags')
	at /home/waq/.vscode-server/extensions/octref.vetur-0.37.3/dist/vueMain.js:1:62416
	at /home/waq/.vscode-server/extensions/octref.vetur-0.37.3/dist/vueMain.js:1:62710
	at Immediate.<anonymous> (/home/waq/.vscode-server/extensions/octref.vetur-0.37.3/dist/vueMain.js:1:63075)
	at process.processImmediate (node:internal/timers:483:21)
2024-11-05 20:13:54.118 [error] [octref.vetur] provider FAILED
2024-11-05 20:13:54.118 [error] Error: Request textDocument/semanticTokens/range failed with message: Cannot read properties of undefined (reading 'flags')
	at /home/waq/.vscode-server/extensions/octref.vetur-0.37.3/dist/vueMain.js:1:62416
	at /home/waq/.vscode-server/extensions/octref.vetur-0.37.3/dist/vueMain.js:1:62710
	at Immediate.<anonymous> (/home/waq/.vscode-server/extensions/octref.vetur-0.37.3/dist/vueMain.js:1:63075)
	at process.processImmediate (node:internal/timers:483:21)
2024-11-05 20:13:54.892 [error] [octref.vetur] provider FAILED
2024-11-05 20:13:54.892 [error] Error: Request textDocument/semanticTokens/range failed with message: Cannot read properties of undefined (reading 'flags')
	at /home/waq/.vscode-server/extensions/octref.vetur-0.37.3/dist/vueMain.js:1:62416
	at /home/waq/.vscode-server/extensions/octref.vetur-0.37.3/dist/vueMain.js:1:62710
	at Immediate.<anonymous> (/home/waq/.vscode-server/extensions/octref.vetur-0.37.3/dist/vueMain.js:1:63075)
	at process.processImmediate (node:internal/timers:483:21)
2024-11-05 20:13:57.881 [error] [octref.vetur] provider FAILED
2024-11-05 20:13:57.881 [error] Error: Request textDocument/semanticTokens/range failed with message: Cannot read properties of undefined (reading 'flags')
	at /home/waq/.vscode-server/extensions/octref.vetur-0.37.3/dist/vueMain.js:1:62416
	at /home/waq/.vscode-server/extensions/octref.vetur-0.37.3/dist/vueMain.js:1:62710
	at Immediate.<anonymous> (/home/waq/.vscode-server/extensions/octref.vetur-0.37.3/dist/vueMain.js:1:63075)
	at process.processImmediate (node:internal/timers:483:21)
2024-11-05 20:13:59.001 [error] [octref.vetur] provider FAILED
2024-11-05 20:13:59.001 [error] Error: Request textDocument/semanticTokens/range failed with message: Cannot read properties of undefined (reading 'flags')
	at /home/waq/.vscode-server/extensions/octref.vetur-0.37.3/dist/vueMain.js:1:62416
	at /home/waq/.vscode-server/extensions/octref.vetur-0.37.3/dist/vueMain.js:1:62710
	at Immediate.<anonymous> (/home/waq/.vscode-server/extensions/octref.vetur-0.37.3/dist/vueMain.js:1:63075)
	at process.processImmediate (node:internal/timers:483:21)
2024-11-05 20:31:06.283 [error] [octref.vetur] provider FAILED
2024-11-05 20:31:06.283 [error] Error: Request textDocument/semanticTokens/range failed with message: Cannot read properties of undefined (reading 'flags')
	at /home/waq/.vscode-server/extensions/octref.vetur-0.37.3/dist/vueMain.js:1:62416
	at /home/waq/.vscode-server/extensions/octref.vetur-0.37.3/dist/vueMain.js:1:62710
	at Immediate.<anonymous> (/home/waq/.vscode-server/extensions/octref.vetur-0.37.3/dist/vueMain.js:1:63075)
	at process.processImmediate (node:internal/timers:483:21)
2024-11-05 20:31:06.842 [error] [octref.vetur] provider FAILED
2024-11-05 20:31:06.842 [error] Error: Request textDocument/semanticTokens/range failed with message: Cannot read properties of undefined (reading 'flags')
	at /home/waq/.vscode-server/extensions/octref.vetur-0.37.3/dist/vueMain.js:1:62416
	at /home/waq/.vscode-server/extensions/octref.vetur-0.37.3/dist/vueMain.js:1:62710
	at Immediate.<anonymous> (/home/waq/.vscode-server/extensions/octref.vetur-0.37.3/dist/vueMain.js:1:63075)
	at process.processImmediate (node:internal/timers:483:21)
2024-11-05 20:31:07.965 [error] [octref.vetur] provider FAILED
2024-11-05 20:31:07.965 [error] Error: Request textDocument/semanticTokens/range failed with message: Cannot read properties of undefined (reading 'flags')
	at /home/waq/.vscode-server/extensions/octref.vetur-0.37.3/dist/vueMain.js:1:62416
	at /home/waq/.vscode-server/extensions/octref.vetur-0.37.3/dist/vueMain.js:1:62710
	at Immediate.<anonymous> (/home/waq/.vscode-server/extensions/octref.vetur-0.37.3/dist/vueMain.js:1:63075)
	at process.processImmediate (node:internal/timers:483:21)
2024-11-05 20:31:10.582 [error] [octref.vetur] provider FAILED
2024-11-05 20:31:10.582 [error] Error: Request textDocument/semanticTokens/range failed with message: Cannot read properties of undefined (reading 'flags')
	at /home/waq/.vscode-server/extensions/octref.vetur-0.37.3/dist/vueMain.js:1:62416
	at /home/waq/.vscode-server/extensions/octref.vetur-0.37.3/dist/vueMain.js:1:62710
	at Immediate.<anonymous> (/home/waq/.vscode-server/extensions/octref.vetur-0.37.3/dist/vueMain.js:1:63075)
	at process.processImmediate (node:internal/timers:483:21)
2024-11-05 20:31:10.866 [error] [octref.vetur] provider FAILED
2024-11-05 20:31:10.866 [error] Error: Request textDocument/semanticTokens/range failed with message: Cannot read properties of undefined (reading 'flags')
	at /home/waq/.vscode-server/extensions/octref.vetur-0.37.3/dist/vueMain.js:1:62416
	at /home/waq/.vscode-server/extensions/octref.vetur-0.37.3/dist/vueMain.js:1:62710
	at Immediate.<anonymous> (/home/waq/.vscode-server/extensions/octref.vetur-0.37.3/dist/vueMain.js:1:63075)
	at process.processImmediate (node:internal/timers:483:21)
2024-11-05 20:31:11.552 [error] [octref.vetur] provider FAILED
2024-11-05 20:31:11.552 [error] Error: Request textDocument/semanticTokens/range failed with message: Cannot read properties of undefined (reading 'flags')
	at /home/waq/.vscode-server/extensions/octref.vetur-0.37.3/dist/vueMain.js:1:62416
	at /home/waq/.vscode-server/extensions/octref.vetur-0.37.3/dist/vueMain.js:1:62710
	at Immediate.<anonymous> (/home/waq/.vscode-server/extensions/octref.vetur-0.37.3/dist/vueMain.js:1:63075)
	at process.processImmediate (node:internal/timers:483:21)
2024-11-05 20:31:12.952 [error] [octref.vetur] provider FAILED
2024-11-05 20:31:12.952 [error] Error: Request textDocument/semanticTokens/range failed with message: Cannot read properties of undefined (reading 'flags')
	at /home/waq/.vscode-server/extensions/octref.vetur-0.37.3/dist/vueMain.js:1:62416
	at /home/waq/.vscode-server/extensions/octref.vetur-0.37.3/dist/vueMain.js:1:62710
	at Immediate.<anonymous> (/home/waq/.vscode-server/extensions/octref.vetur-0.37.3/dist/vueMain.js:1:63075)
	at process.processImmediate (node:internal/timers:483:21)
2024-11-05 20:31:15.907 [error] [octref.vetur] provider FAILED
2024-11-05 20:31:15.907 [error] Error: Request textDocument/semanticTokens/range failed with message: Cannot read properties of undefined (reading 'flags')
	at /home/waq/.vscode-server/extensions/octref.vetur-0.37.3/dist/vueMain.js:1:62416
	at /home/waq/.vscode-server/extensions/octref.vetur-0.37.3/dist/vueMain.js:1:62710
	at Immediate.<anonymous> (/home/waq/.vscode-server/extensions/octref.vetur-0.37.3/dist/vueMain.js:1:63075)
	at process.processImmediate (node:internal/timers:483:21)
2024-11-05 20:31:16.422 [error] [octref.vetur] provider FAILED
2024-11-05 20:31:16.422 [error] Error: Request textDocument/semanticTokens/range failed with message: Cannot read properties of undefined (reading 'flags')
	at /home/waq/.vscode-server/extensions/octref.vetur-0.37.3/dist/vueMain.js:1:62416
	at /home/waq/.vscode-server/extensions/octref.vetur-0.37.3/dist/vueMain.js:1:62710
	at Immediate.<anonymous> (/home/waq/.vscode-server/extensions/octref.vetur-0.37.3/dist/vueMain.js:1:63075)
	at process.processImmediate (node:internal/timers:483:21)
2024-11-05 20:31:22.006 [error] [octref.vetur] provider FAILED
2024-11-05 20:31:22.006 [error] Error: Request textDocument/semanticTokens/range failed with message: Cannot read properties of undefined (reading 'flags')
	at /home/waq/.vscode-server/extensions/octref.vetur-0.37.3/dist/vueMain.js:1:62416
	at /home/waq/.vscode-server/extensions/octref.vetur-0.37.3/dist/vueMain.js:1:62710
	at Immediate.<anonymous> (/home/waq/.vscode-server/extensions/octref.vetur-0.37.3/dist/vueMain.js:1:63075)
	at process.processImmediate (node:internal/timers:483:21)
2024-11-05 20:31:22.364 [error] [octref.vetur] provider FAILED
2024-11-05 20:31:22.364 [error] Error: Request textDocument/semanticTokens/full failed with message: Cannot read properties of undefined (reading 'flags')
	at /home/waq/.vscode-server/extensions/octref.vetur-0.37.3/dist/vueMain.js:1:62416
	at /home/waq/.vscode-server/extensions/octref.vetur-0.37.3/dist/vueMain.js:1:62710
	at Immediate.<anonymous> (/home/waq/.vscode-server/extensions/octref.vetur-0.37.3/dist/vueMain.js:1:63075)
	at process.processImmediate (node:internal/timers:483:21)
2024-11-05 20:31:22.931 [error] [octref.vetur] provider FAILED
2024-11-05 20:31:22.931 [error] Error: Request textDocument/semanticTokens/range failed with message: Cannot read properties of undefined (reading 'flags')
	at /home/waq/.vscode-server/extensions/octref.vetur-0.37.3/dist/vueMain.js:1:62416
	at /home/waq/.vscode-server/extensions/octref.vetur-0.37.3/dist/vueMain.js:1:62710
	at Immediate.<anonymous> (/home/waq/.vscode-server/extensions/octref.vetur-0.37.3/dist/vueMain.js:1:63075)
	at process.processImmediate (node:internal/timers:483:21)
2024-11-05 20:31:23.272 [error] [octref.vetur] provider FAILED
2024-11-05 20:31:23.272 [error] Error: Request textDocument/semanticTokens/range failed with message: Cannot read properties of undefined (reading 'flags')
	at /home/waq/.vscode-server/extensions/octref.vetur-0.37.3/dist/vueMain.js:1:62416
	at /home/waq/.vscode-server/extensions/octref.vetur-0.37.3/dist/vueMain.js:1:62710
	at Immediate.<anonymous> (/home/waq/.vscode-server/extensions/octref.vetur-0.37.3/dist/vueMain.js:1:63075)
	at process.processImmediate (node:internal/timers:483:21)
2024-11-05 20:31:23.307 [error] [octref.vetur] provider FAILED
2024-11-05 20:31:23.307 [error] Error: Request textDocument/semanticTokens/full failed with message: Cannot read properties of undefined (reading 'flags')
	at /home/waq/.vscode-server/extensions/octref.vetur-0.37.3/dist/vueMain.js:1:62416
	at /home/waq/.vscode-server/extensions/octref.vetur-0.37.3/dist/vueMain.js:1:62710
	at Immediate.<anonymous> (/home/waq/.vscode-server/extensions/octref.vetur-0.37.3/dist/vueMain.js:1:63075)
	at process.processImmediate (node:internal/timers:483:21)
2024-11-05 20:31:24.790 [error] [octref.vetur] provider FAILED
2024-11-05 20:31:24.790 [error] Error: Request textDocument/semanticTokens/range failed with message: Cannot read properties of undefined (reading 'flags')
	at /home/waq/.vscode-server/extensions/octref.vetur-0.37.3/dist/vueMain.js:1:62416
	at /home/waq/.vscode-server/extensions/octref.vetur-0.37.3/dist/vueMain.js:1:62710
	at Immediate.<anonymous> (/home/waq/.vscode-server/extensions/octref.vetur-0.37.3/dist/vueMain.js:1:63075)
	at process.processImmediate (node:internal/timers:483:21)
2024-11-05 20:31:26.270 [error] [octref.vetur] provider FAILED
2024-11-05 20:31:26.270 [error] Error: Request textDocument/semanticTokens/range failed with message: Cannot read properties of undefined (reading 'flags')
	at /home/waq/.vscode-server/extensions/octref.vetur-0.37.3/dist/vueMain.js:1:62416
	at /home/waq/.vscode-server/extensions/octref.vetur-0.37.3/dist/vueMain.js:1:62710
	at Immediate.<anonymous> (/home/waq/.vscode-server/extensions/octref.vetur-0.37.3/dist/vueMain.js:1:63075)
	at process.processImmediate (node:internal/timers:483:21)
2024-11-05 20:31:30.214 [error] [octref.vetur] provider FAILED
2024-11-05 20:31:30.214 [error] Error: Request textDocument/semanticTokens/range failed with message: Cannot read properties of undefined (reading 'flags')
	at /home/waq/.vscode-server/extensions/octref.vetur-0.37.3/dist/vueMain.js:1:62416
	at /home/waq/.vscode-server/extensions/octref.vetur-0.37.3/dist/vueMain.js:1:62710
	at Immediate.<anonymous> (/home/waq/.vscode-server/extensions/octref.vetur-0.37.3/dist/vueMain.js:1:63075)
	at process.processImmediate (node:internal/timers:483:21)
2024-11-05 20:31:30.586 [error] [octref.vetur] provider FAILED
2024-11-05 20:31:30.586 [error] Error: Request textDocument/semanticTokens/full failed with message: Cannot read properties of undefined (reading 'flags')
	at /home/waq/.vscode-server/extensions/octref.vetur-0.37.3/dist/vueMain.js:1:62416
	at /home/waq/.vscode-server/extensions/octref.vetur-0.37.3/dist/vueMain.js:1:62710
	at Immediate.<anonymous> (/home/waq/.vscode-server/extensions/octref.vetur-0.37.3/dist/vueMain.js:1:63075)
	at process.processImmediate (node:internal/timers:483:21)
2024-11-05 20:31:34.835 [error] [octref.vetur] provider FAILED
2024-11-05 20:31:34.836 [error] Error: Request textDocument/semanticTokens/range failed with message: Cannot read properties of undefined (reading 'flags')
	at /home/waq/.vscode-server/extensions/octref.vetur-0.37.3/dist/vueMain.js:1:62416
	at /home/waq/.vscode-server/extensions/octref.vetur-0.37.3/dist/vueMain.js:1:62710
	at Immediate.<anonymous> (/home/waq/.vscode-server/extensions/octref.vetur-0.37.3/dist/vueMain.js:1:63075)
	at process.processImmediate (node:internal/timers:483:21)
2024-11-05 20:31:35.204 [error] [octref.vetur] provider FAILED
2024-11-05 20:31:35.204 [error] Error: Request textDocument/semanticTokens/full failed with message: Cannot read properties of undefined (reading 'flags')
	at /home/waq/.vscode-server/extensions/octref.vetur-0.37.3/dist/vueMain.js:1:62416
	at /home/waq/.vscode-server/extensions/octref.vetur-0.37.3/dist/vueMain.js:1:62710
	at Immediate.<anonymous> (/home/waq/.vscode-server/extensions/octref.vetur-0.37.3/dist/vueMain.js:1:63075)
	at process.processImmediate (node:internal/timers:483:21)
2024-11-05 20:31:37.361 [error] [octref.vetur] provider FAILED
2024-11-05 20:31:37.362 [error] Error: Request textDocument/semanticTokens/range failed with message: Cannot read properties of undefined (reading 'flags')
	at /home/waq/.vscode-server/extensions/octref.vetur-0.37.3/dist/vueMain.js:1:62416
	at /home/waq/.vscode-server/extensions/octref.vetur-0.37.3/dist/vueMain.js:1:62710
	at Immediate.<anonymous> (/home/waq/.vscode-server/extensions/octref.vetur-0.37.3/dist/vueMain.js:1:63075)
	at process.processImmediate (node:internal/timers:483:21)
2024-11-05 20:31:37.604 [error] [octref.vetur] provider FAILED
2024-11-05 20:31:37.604 [error] Error: Request textDocument/semanticTokens/range failed with message: Cannot read properties of undefined (reading 'flags')
	at /home/waq/.vscode-server/extensions/octref.vetur-0.37.3/dist/vueMain.js:1:62416
	at /home/waq/.vscode-server/extensions/octref.vetur-0.37.3/dist/vueMain.js:1:62710
	at Immediate.<anonymous> (/home/waq/.vscode-server/extensions/octref.vetur-0.37.3/dist/vueMain.js:1:63075)
	at process.processImmediate (node:internal/timers:483:21)
2024-11-05 20:31:38.002 [error] [octref.vetur] provider FAILED
2024-11-05 20:31:38.003 [error] Error: Request textDocument/semanticTokens/range failed with message: Cannot read properties of undefined (reading 'flags')
	at /home/waq/.vscode-server/extensions/octref.vetur-0.37.3/dist/vueMain.js:1:62416
	at /home/waq/.vscode-server/extensions/octref.vetur-0.37.3/dist/vueMain.js:1:62710
	at Immediate.<anonymous> (/home/waq/.vscode-server/extensions/octref.vetur-0.37.3/dist/vueMain.js:1:63075)
	at process.processImmediate (node:internal/timers:483:21)
2024-11-05 20:31:38.376 [error] [octref.vetur] provider FAILED
2024-11-05 20:31:38.376 [error] Error: Request textDocument/semanticTokens/range failed with message: Cannot read properties of undefined (reading 'flags')
	at /home/waq/.vscode-server/extensions/octref.vetur-0.37.3/dist/vueMain.js:1:62416
	at /home/waq/.vscode-server/extensions/octref.vetur-0.37.3/dist/vueMain.js:1:62710
	at Immediate.<anonymous> (/home/waq/.vscode-server/extensions/octref.vetur-0.37.3/dist/vueMain.js:1:63075)
	at process.processImmediate (node:internal/timers:483:21)
2024-11-05 20:31:38.719 [error] [octref.vetur] provider FAILED
2024-11-05 20:31:38.720 [error] Error: Request textDocument/semanticTokens/range failed with message: Cannot read properties of undefined (reading 'flags')
	at /home/waq/.vscode-server/extensions/octref.vetur-0.37.3/dist/vueMain.js:1:62416
	at /home/waq/.vscode-server/extensions/octref.vetur-0.37.3/dist/vueMain.js:1:62710
	at Immediate.<anonymous> (/home/waq/.vscode-server/extensions/octref.vetur-0.37.3/dist/vueMain.js:1:63075)
	at process.processImmediate (node:internal/timers:483:21)
2024-11-05 20:31:39.050 [error] [octref.vetur] provider FAILED
2024-11-05 20:31:39.051 [error] Error: Request textDocument/semanticTokens/range failed with message: Cannot read properties of undefined (reading 'flags')
	at /home/waq/.vscode-server/extensions/octref.vetur-0.37.3/dist/vueMain.js:1:62416
	at /home/waq/.vscode-server/extensions/octref.vetur-0.37.3/dist/vueMain.js:1:62710
	at Immediate.<anonymous> (/home/waq/.vscode-server/extensions/octref.vetur-0.37.3/dist/vueMain.js:1:63075)
	at process.processImmediate (node:internal/timers:483:21)
2024-11-05 20:31:39.810 [error] [octref.vetur] provider FAILED
2024-11-05 20:31:39.810 [error] Error: Request textDocument/semanticTokens/range failed with message: Cannot read properties of undefined (reading 'flags')
	at /home/waq/.vscode-server/extensions/octref.vetur-0.37.3/dist/vueMain.js:1:62416
	at /home/waq/.vscode-server/extensions/octref.vetur-0.37.3/dist/vueMain.js:1:62710
	at Immediate.<anonymous> (/home/waq/.vscode-server/extensions/octref.vetur-0.37.3/dist/vueMain.js:1:63075)
	at process.processImmediate (node:internal/timers:483:21)
2024-11-05 20:31:39.950 [error] [octref.vetur] provider FAILED
2024-11-05 20:31:39.950 [error] Error: Request textDocument/semanticTokens/range failed with message: Cannot read properties of undefined (reading 'flags')
	at /home/waq/.vscode-server/extensions/octref.vetur-0.37.3/dist/vueMain.js:1:62416
	at /home/waq/.vscode-server/extensions/octref.vetur-0.37.3/dist/vueMain.js:1:62710
	at Immediate.<anonymous> (/home/waq/.vscode-server/extensions/octref.vetur-0.37.3/dist/vueMain.js:1:63075)
	at process.processImmediate (node:internal/timers:483:21)
2024-11-05 20:31:42.599 [error] [octref.vetur] provider FAILED
2024-11-05 20:31:42.599 [error] Error: Request textDocument/semanticTokens/range failed with message: Cannot read properties of undefined (reading 'flags')
	at /home/waq/.vscode-server/extensions/octref.vetur-0.37.3/dist/vueMain.js:1:62416
	at /home/waq/.vscode-server/extensions/octref.vetur-0.37.3/dist/vueMain.js:1:62710
	at Immediate.<anonymous> (/home/waq/.vscode-server/extensions/octref.vetur-0.37.3/dist/vueMain.js:1:63075)
	at process.processImmediate (node:internal/timers:483:21)
2024-11-05 20:31:42.972 [error] [octref.vetur] provider FAILED
2024-11-05 20:31:42.972 [error] Error: Request textDocument/semanticTokens/full failed with message: Cannot read properties of undefined (reading 'flags')
	at /home/waq/.vscode-server/extensions/octref.vetur-0.37.3/dist/vueMain.js:1:62416
	at /home/waq/.vscode-server/extensions/octref.vetur-0.37.3/dist/vueMain.js:1:62710
	at Immediate.<anonymous> (/home/waq/.vscode-server/extensions/octref.vetur-0.37.3/dist/vueMain.js:1:63075)
	at process.processImmediate (node:internal/timers:483:21)
2024-11-05 20:31:44.062 [error] [octref.vetur] provider FAILED
2024-11-05 20:31:44.062 [error] Error: Request textDocument/semanticTokens/range failed with message: Cannot read properties of undefined (reading 'flags')
	at /home/waq/.vscode-server/extensions/octref.vetur-0.37.3/dist/vueMain.js:1:62416
	at /home/waq/.vscode-server/extensions/octref.vetur-0.37.3/dist/vueMain.js:1:62710
	at Immediate.<anonymous> (/home/waq/.vscode-server/extensions/octref.vetur-0.37.3/dist/vueMain.js:1:63075)
	at process.processImmediate (node:internal/timers:483:21)
2024-11-05 20:31:44.247 [error] [octref.vetur] provider FAILED
2024-11-05 20:31:44.247 [error] Error: Request textDocument/semanticTokens/range failed with message: Cannot read properties of undefined (reading 'flags')
	at /home/waq/.vscode-server/extensions/octref.vetur-0.37.3/dist/vueMain.js:1:62416
	at /home/waq/.vscode-server/extensions/octref.vetur-0.37.3/dist/vueMain.js:1:62710
	at Immediate.<anonymous> (/home/waq/.vscode-server/extensions/octref.vetur-0.37.3/dist/vueMain.js:1:63075)
	at process.processImmediate (node:internal/timers:483:21)
2024-11-05 20:31:44.446 [error] [octref.vetur] provider FAILED
2024-11-05 20:31:44.446 [error] Error: Request textDocument/semanticTokens/full failed with message: Cannot read properties of undefined (reading 'flags')
	at /home/waq/.vscode-server/extensions/octref.vetur-0.37.3/dist/vueMain.js:1:62416
	at /home/waq/.vscode-server/extensions/octref.vetur-0.37.3/dist/vueMain.js:1:62710
	at Immediate.<anonymous> (/home/waq/.vscode-server/extensions/octref.vetur-0.37.3/dist/vueMain.js:1:63075)
	at process.processImmediate (node:internal/timers:483:21)
2024-11-05 20:31:45.476 [error] [octref.vetur] provider FAILED
2024-11-05 20:31:45.476 [error] Error: Request textDocument/semanticTokens/range failed with message: Cannot read properties of undefined (reading 'flags')
	at /home/waq/.vscode-server/extensions/octref.vetur-0.37.3/dist/vueMain.js:1:62416
	at /home/waq/.vscode-server/extensions/octref.vetur-0.37.3/dist/vueMain.js:1:62710
	at Immediate.<anonymous> (/home/waq/.vscode-server/extensions/octref.vetur-0.37.3/dist/vueMain.js:1:63075)
	at process.processImmediate (node:internal/timers:483:21)
2024-11-05 20:31:47.465 [error] [octref.vetur] provider FAILED
2024-11-05 20:31:47.465 [error] Error: Request textDocument/semanticTokens/range failed with message: Cannot read properties of undefined (reading 'flags')
	at /home/waq/.vscode-server/extensions/octref.vetur-0.37.3/dist/vueMain.js:1:62416
	at /home/waq/.vscode-server/extensions/octref.vetur-0.37.3/dist/vueMain.js:1:62710
	at Immediate.<anonymous> (/home/waq/.vscode-server/extensions/octref.vetur-0.37.3/dist/vueMain.js:1:63075)
	at process.processImmediate (node:internal/timers:483:21)
2024-11-05 20:31:47.814 [error] [octref.vetur] provider FAILED
2024-11-05 20:31:47.814 [error] Error: Request textDocument/semanticTokens/range failed with message: Cannot read properties of undefined (reading 'flags')
	at /home/waq/.vscode-server/extensions/octref.vetur-0.37.3/dist/vueMain.js:1:62416
	at /home/waq/.vscode-server/extensions/octref.vetur-0.37.3/dist/vueMain.js:1:62710
	at Immediate.<anonymous> (/home/waq/.vscode-server/extensions/octref.vetur-0.37.3/dist/vueMain.js:1:63075)
	at process.processImmediate (node:internal/timers:483:21)
2024-11-05 20:31:48.376 [error] [octref.vetur] provider FAILED
2024-11-05 20:31:48.376 [error] Error: Request textDocument/semanticTokens/range failed with message: Cannot read properties of undefined (reading 'flags')
	at /home/waq/.vscode-server/extensions/octref.vetur-0.37.3/dist/vueMain.js:1:62416
	at /home/waq/.vscode-server/extensions/octref.vetur-0.37.3/dist/vueMain.js:1:62710
	at Immediate.<anonymous> (/home/waq/.vscode-server/extensions/octref.vetur-0.37.3/dist/vueMain.js:1:63075)
	at process.processImmediate (node:internal/timers:483:21)
2024-11-05 20:31:49.095 [error] [octref.vetur] provider FAILED
2024-11-05 20:31:49.095 [error] Error: Request textDocument/semanticTokens/range failed with message: Cannot read properties of undefined (reading 'flags')
	at /home/waq/.vscode-server/extensions/octref.vetur-0.37.3/dist/vueMain.js:1:62416
	at /home/waq/.vscode-server/extensions/octref.vetur-0.37.3/dist/vueMain.js:1:62710
	at Immediate.<anonymous> (/home/waq/.vscode-server/extensions/octref.vetur-0.37.3/dist/vueMain.js:1:63075)
	at process.processImmediate (node:internal/timers:483:21)
2024-11-05 20:31:49.733 [error] [octref.vetur] provider FAILED
2024-11-05 20:31:49.733 [error] Error: Request textDocument/semanticTokens/range failed with message: Cannot read properties of undefined (reading 'flags')
	at /home/waq/.vscode-server/extensions/octref.vetur-0.37.3/dist/vueMain.js:1:62416
	at /home/waq/.vscode-server/extensions/octref.vetur-0.37.3/dist/vueMain.js:1:62710
	at Immediate.<anonymous> (/home/waq/.vscode-server/extensions/octref.vetur-0.37.3/dist/vueMain.js:1:63075)
	at process.processImmediate (node:internal/timers:483:21)
2024-11-05 20:31:50.281 [error] [octref.vetur] provider FAILED
2024-11-05 20:31:50.281 [error] Error: Request textDocument/semanticTokens/range failed with message: Cannot read properties of undefined (reading 'flags')
	at /home/waq/.vscode-server/extensions/octref.vetur-0.37.3/dist/vueMain.js:1:62416
	at /home/waq/.vscode-server/extensions/octref.vetur-0.37.3/dist/vueMain.js:1:62710
	at Immediate.<anonymous> (/home/waq/.vscode-server/extensions/octref.vetur-0.37.3/dist/vueMain.js:1:63075)
	at process.processImmediate (node:internal/timers:483:21)
2024-11-05 20:31:50.734 [error] [octref.vetur] provider FAILED
2024-11-05 20:31:50.734 [error] Error: Request textDocument/semanticTokens/range failed with message: Cannot read properties of undefined (reading 'flags')
	at /home/waq/.vscode-server/extensions/octref.vetur-0.37.3/dist/vueMain.js:1:62416
	at /home/waq/.vscode-server/extensions/octref.vetur-0.37.3/dist/vueMain.js:1:62710
	at Immediate.<anonymous> (/home/waq/.vscode-server/extensions/octref.vetur-0.37.3/dist/vueMain.js:1:63075)
	at process.processImmediate (node:internal/timers:483:21)
2024-11-05 20:39:02.195 [info] Extension host terminating: received terminate message from renderer
2024-11-05 20:39:02.196 [info] Lock '/home/waq/.vscode-server/data/User/workspaceStorage/f2c5e88cc6ff560520be7d8442405061/vscode.lock': Marking the lockfile as scheduled to be released in 6000 ms.
2024-11-05 20:39:02.207 [info] Extension host with pid 65684 exiting with code 0
